{"numFailedTestSuites":1,"numFailedTests":2,"numPassedTestSuites":11,"numPassedTests":131,"numPendingTestSuites":0,"numPendingTests":0,"numRuntimeErrorTestSuites":0,"numTodoTests":2,"numTotalTestSuites":12,"numTotalTests":135,"openHandles":[],"snapshot":{"added":0,"didUpdate":false,"failure":false,"filesAdded":0,"filesRemoved":0,"filesRemovedList":[],"filesUnmatched":0,"filesUpdated":0,"matched":0,"total":0,"unchecked":0,"uncheckedKeysByFile":[],"unmatched":0,"updated":0},"startTime":1661089190811,"success":false,"testResults":[{"assertionResults":[{"ancestorTitles":["Github Message Builder > Builders > Common"],"duration":2,"failureMessages":[],"fullName":"Github Message Builder > Builders > Common buildCodeBlock(), should return a built code style","location":null,"status":"passed","title":"buildCodeBlock(), should return a built code style"},{"ancestorTitles":["Github Message Builder > Builders > Common"],"duration":0,"failureMessages":[],"fullName":"Github Message Builder > Builders > Common buildWatermark(), should return a built watermark","location":null,"status":"passed","title":"buildWatermark(), should return a built watermark"},{"ancestorTitles":["Github Message Builder > Builders > Common"],"duration":0,"failureMessages":[],"fullName":"Github Message Builder > Builders > Common buildH1(), should return a built heading level 1","location":null,"status":"passed","title":"buildH1(), should return a built heading level 1"},{"ancestorTitles":["Github Message Builder > Builders > Common"],"duration":1,"failureMessages":[],"fullName":"Github Message Builder > Builders > Common buildH2(), should return a built heading level 2","location":null,"status":"passed","title":"buildH2(), should return a built heading level 2"},{"ancestorTitles":["Github Message Builder > Builders > Common"],"duration":0,"failureMessages":[],"fullName":"Github Message Builder > Builders > Common buildH3(), should return a built heading level 3","location":null,"status":"passed","title":"buildH3(), should return a built heading level 3"},{"ancestorTitles":["Github Message Builder > Builders > Common"],"duration":0,"failureMessages":[],"fullName":"Github Message Builder > Builders > Common buildH4(), should return a built heading level 4","location":null,"status":"passed","title":"buildH4(), should return a built heading level 4"},{"ancestorTitles":["Github Message Builder > Builders > Common"],"duration":0,"failureMessages":[],"fullName":"Github Message Builder > Builders > Common buildH5(), should return a built heading level 5","location":null,"status":"passed","title":"buildH5(), should return a built heading level 5"},{"ancestorTitles":["Github Message Builder > Builders > Common"],"duration":0,"failureMessages":[],"fullName":"Github Message Builder > Builders > Common buildHr(), should return a built hr","location":null,"status":"passed","title":"buildHr(), should return a built hr"},{"ancestorTitles":["Github Message Builder > Builders > Common"],"duration":0,"failureMessages":[],"fullName":"Github Message Builder > Builders > Common buildBr(), should return a built br","location":null,"status":"passed","title":"buildBr(), should return a built br"}],"endTime":1661089193755,"message":"","name":"/Users/janszewczyk/Projects/gh-action-szum-tech/src/utils/github-message-builder/__tests__/builders/common.test.ts","startTime":1661089190992,"status":"passed","summary":""},{"assertionResults":[{"ancestorTitles":["Github Message Builder"],"duration":14,"failureMessages":[],"fullName":"Github Message Builder should be initialize with empty array","location":null,"status":"passed","title":"should be initialize with empty array"},{"ancestorTitles":["Github Message Builder"],"duration":0,"failureMessages":[],"fullName":"Github Message Builder should return `null` during building message when no content","location":null,"status":"passed","title":"should return `null` during building message when no content"},{"ancestorTitles":["Github Message Builder"],"duration":0,"failureMessages":[],"fullName":"Github Message Builder should return built text","location":null,"status":"passed","title":"should return built text"},{"ancestorTitles":["Github Message Builder"],"duration":1,"failureMessages":[],"fullName":"Github Message Builder should return built header 1","location":null,"status":"passed","title":"should return built header 1"},{"ancestorTitles":["Github Message Builder"],"duration":0,"failureMessages":[],"fullName":"Github Message Builder should return built header 2","location":null,"status":"passed","title":"should return built header 2"},{"ancestorTitles":["Github Message Builder"],"duration":0,"failureMessages":[],"fullName":"Github Message Builder should return built header 3","location":null,"status":"passed","title":"should return built header 3"},{"ancestorTitles":["Github Message Builder"],"duration":0,"failureMessages":[],"fullName":"Github Message Builder should return built header 4","location":null,"status":"passed","title":"should return built header 4"},{"ancestorTitles":["Github Message Builder"],"duration":1,"failureMessages":[],"fullName":"Github Message Builder should return built header 5","location":null,"status":"passed","title":"should return built header 5"},{"ancestorTitles":["Github Message Builder"],"duration":0,"failureMessages":[],"fullName":"Github Message Builder should return built quote","location":null,"status":"passed","title":"should return built quote"},{"ancestorTitles":["Github Message Builder"],"duration":0,"failureMessages":[],"fullName":"Github Message Builder should return built horizontal role","location":null,"status":"passed","title":"should return built horizontal role"},{"ancestorTitles":["Github Message Builder"],"duration":0,"failureMessages":[],"fullName":"Github Message Builder should return built watermark","location":null,"status":"passed","title":"should return built watermark"},{"ancestorTitles":["Github Message Builder"],"duration":0,"failureMessages":[],"fullName":"Github Message Builder should return built code block","location":null,"status":"passed","title":"should return built code block"},{"ancestorTitles":["Github Message Builder"],"duration":1,"failureMessages":[],"fullName":"Github Message Builder should return built table","location":null,"status":"passed","title":"should return built table"},{"ancestorTitles":["Github Message Builder"],"duration":0,"failureMessages":[],"fullName":"Github Message Builder should return built details","location":null,"status":"passed","title":"should return built details"}],"endTime":1661089193837,"message":"","name":"/Users/janszewczyk/Projects/gh-action-szum-tech/src/utils/github-message-builder/__tests__/github-message-builder.test.ts","startTime":1661089190980,"status":"passed","summary":""},{"assertionResults":[{"ancestorTitles":["Github Message Builder > Builders > Table"],"duration":1,"failureMessages":[],"fullName":"Github Message Builder > Builders > Table buildTable(), return a built table","location":null,"status":"passed","title":"buildTable(), return a built table"},{"ancestorTitles":["Github Message Builder > Builders > Table"],"duration":0,"failureMessages":[],"fullName":"Github Message Builder > Builders > Table buildTr(), return a built table row","location":null,"status":"passed","title":"buildTr(), return a built table row"},{"ancestorTitles":["Github Message Builder > Builders > Table"],"duration":0,"failureMessages":[],"fullName":"Github Message Builder > Builders > Table buildTh(), return a built table header","location":null,"status":"passed","title":"buildTh(), return a built table header"},{"ancestorTitles":["Github Message Builder > Builders > Table"],"duration":0,"failureMessages":[],"fullName":"Github Message Builder > Builders > Table buildTd(), return a built table data","location":null,"status":"passed","title":"buildTd(), return a built table data"},{"ancestorTitles":["Github Message Builder > Builders > Table","tableRowBuilder()"],"duration":0,"failureMessages":[],"fullName":"Github Message Builder > Builders > Table tableRowBuilder() should be initialize with empty array","location":null,"status":"passed","title":"should be initialize with empty array"},{"ancestorTitles":["Github Message Builder > Builders > Table","tableRowBuilder()"],"duration":0,"failureMessages":[],"fullName":"Github Message Builder > Builders > Table tableRowBuilder() should return `null` during building `table row` when no content","location":null,"status":"passed","title":"should return `null` during building `table row` when no content"},{"ancestorTitles":["Github Message Builder > Builders > Table","tableRowBuilder()"],"duration":7,"failureMessages":[],"fullName":"Github Message Builder > Builders > Table tableRowBuilder() should return a built table row","location":null,"status":"passed","title":"should return a built table row"},{"ancestorTitles":["Github Message Builder > Builders > Table","tableRowBuilder()"],"duration":4,"failureMessages":[],"fullName":"Github Message Builder > Builders > Table tableRowBuilder() should return a built table row with 2 `th` columns","location":null,"status":"passed","title":"should return a built table row with 2 `th` columns"},{"ancestorTitles":["Github Message Builder > Builders > Table","tableRowBuilder()"],"duration":0,"failureMessages":[],"fullName":"Github Message Builder > Builders > Table tableRowBuilder() should return a built table row with 2 `td` columns","location":null,"status":"passed","title":"should return a built table row with 2 `td` columns"},{"ancestorTitles":["Github Message Builder > Builders > Table","tableRowBuilder()"],"duration":1,"failureMessages":[],"fullName":"Github Message Builder > Builders > Table tableRowBuilder() should return a built table row with `td` and `th` columns","location":null,"status":"passed","title":"should return a built table row with `td` and `th` columns"},{"ancestorTitles":["Github Message Builder > Builders > Table","tableBuilder()"],"duration":0,"failureMessages":[],"fullName":"Github Message Builder > Builders > Table tableBuilder() should be initialize with empty array","location":null,"status":"passed","title":"should be initialize with empty array"},{"ancestorTitles":["Github Message Builder > Builders > Table","tableBuilder()"],"duration":0,"failureMessages":[],"fullName":"Github Message Builder > Builders > Table tableBuilder() should return `null` during building `table` when no content","location":null,"status":"passed","title":"should return `null` during building `table` when no content"},{"ancestorTitles":["Github Message Builder > Builders > Table","tableBuilder()"],"duration":0,"failureMessages":[],"fullName":"Github Message Builder > Builders > Table tableBuilder() should return a built table with table header and row data","location":null,"status":"passed","title":"should return a built table with table header and row data"},{"ancestorTitles":["Github Message Builder > Builders > Table","tableBuilder()"],"duration":0,"failureMessages":[],"fullName":"Github Message Builder > Builders > Table tableBuilder() should return a built table without no data row","location":null,"status":"passed","title":"should return a built table without no data row"}],"endTime":1661089193989,"message":"","name":"/Users/janszewczyk/Projects/gh-action-szum-tech/src/utils/github-message-builder/__tests__/builders/table.test.ts","startTime":1661089190986,"status":"passed","summary":""},{"assertionResults":[{"ancestorTitles":["Github Message Builder > Builders > Details"],"duration":1,"failureMessages":[],"fullName":"Github Message Builder > Builders > Details buildDetails(), should return a built details","location":null,"status":"passed","title":"buildDetails(), should return a built details"},{"ancestorTitles":["Github Message Builder > Builders > Details"],"duration":0,"failureMessages":[],"fullName":"Github Message Builder > Builders > Details buildSummary(), should return a built summary","location":null,"status":"passed","title":"buildSummary(), should return a built summary"},{"ancestorTitles":["Github Message Builder > Builders > Details","detailsBuilder()"],"duration":0,"failureMessages":[],"fullName":"Github Message Builder > Builders > Details detailsBuilder() should be initialize with empty array","location":null,"status":"passed","title":"should be initialize with empty array"},{"ancestorTitles":["Github Message Builder > Builders > Details","detailsBuilder()"],"duration":0,"failureMessages":[],"fullName":"Github Message Builder > Builders > Details detailsBuilder() should return `null` during building `details` when no content","location":null,"status":"passed","title":"should return `null` during building `details` when no content"},{"ancestorTitles":["Github Message Builder > Builders > Details","detailsBuilder()"],"duration":6,"failureMessages":[],"fullName":"Github Message Builder > Builders > Details detailsBuilder() should throw an error when try build `summary` two times","location":null,"status":"passed","title":"should throw an error when try build `summary` two times"},{"ancestorTitles":["Github Message Builder > Builders > Details","detailsBuilder()"],"duration":0,"failureMessages":[],"fullName":"Github Message Builder > Builders > Details detailsBuilder() should throw an error when try build `details` in wrong order","location":null,"status":"passed","title":"should throw an error when try build `details` in wrong order"},{"ancestorTitles":["Github Message Builder > Builders > Details","detailsBuilder()"],"duration":0,"failureMessages":[],"fullName":"Github Message Builder > Builders > Details detailsBuilder() should return build details correctly","location":null,"status":"passed","title":"should return build details correctly"},{"ancestorTitles":["Github Message Builder > Builders > Details","detailsBuilder()"],"duration":1,"failureMessages":[],"fullName":"Github Message Builder > Builders > Details detailsBuilder() should return build details with decorators correctly","location":null,"status":"passed","title":"should return build details with decorators correctly"},{"ancestorTitles":["Github Message Builder > Builders > Details","detailsBuilder()"],"duration":0,"failureMessages":[],"fullName":"Github Message Builder > Builders > Details detailsBuilder() should return build details with empty body","location":null,"status":"passed","title":"should return build details with empty body"}],"endTime":1661089194070,"message":"","name":"/Users/janszewczyk/Projects/gh-action-szum-tech/src/utils/github-message-builder/__tests__/builders/details.test.ts","startTime":1661089191039,"status":"passed","summary":""},{"assertionResults":[{"ancestorTitles":["Github Message Builder > Builders > Decorators"],"duration":1,"failureMessages":[],"fullName":"Github Message Builder > Builders > Decorators boldDecorator(), should return a built text with `bold` style","location":null,"status":"passed","title":"boldDecorator(), should return a built text with `bold` style"},{"ancestorTitles":["Github Message Builder > Builders > Decorators"],"duration":0,"failureMessages":[],"fullName":"Github Message Builder > Builders > Decorators codeDecorator(), should return a built text with `code` style","location":null,"status":"passed","title":"codeDecorator(), should return a built text with `code` style"},{"ancestorTitles":["Github Message Builder > Builders > Decorators"],"duration":0,"failureMessages":[],"fullName":"Github Message Builder > Builders > Decorators italicDecorator function, should return a built text with `italic` style","location":null,"status":"passed","title":"italicDecorator function, should return a built text with `italic` style"},{"ancestorTitles":["Github Message Builder > Builders > Decorators","textWithDecoratorBuilder()"],"duration":0,"failureMessages":[],"fullName":"Github Message Builder > Builders > Decorators textWithDecoratorBuilder() should return a built text without any decorators","location":null,"status":"passed","title":"should return a built text without any decorators"},{"ancestorTitles":["Github Message Builder > Builders > Decorators","textWithDecoratorBuilder()"],"duration":0,"failureMessages":[],"fullName":"Github Message Builder > Builders > Decorators textWithDecoratorBuilder() should return a built text with decorators","location":null,"status":"passed","title":"should return a built text with decorators"}],"endTime":1661089194531,"message":"","name":"/Users/janszewczyk/Projects/gh-action-szum-tech/src/utils/github-message-builder/__tests__/builders/decorators.test.ts","startTime":1661089193770,"status":"passed","summary":""},{"assertionResults":[{"ancestorTitles":["Labels Action Utils","getLabelsDifferences function"],"duration":1,"failureMessages":[],"fullName":"Labels Action Utils getLabelsDifferences function should return differences","location":null,"status":"passed","title":"should return differences"},{"ancestorTitles":["Labels Action Utils","getLabelsDifferences function"],"duration":1,"failureMessages":[],"fullName":"Labels Action Utils getLabelsDifferences function should return differences without unsupported label","location":null,"status":"passed","title":"should return differences without unsupported label"},{"ancestorTitles":["Labels Action Utils","getLabelsDifferences function"],"duration":0,"failureMessages":[],"fullName":"Labels Action Utils getLabelsDifferences function should return no difference","location":null,"status":"passed","title":"should return no difference"},{"ancestorTitles":["Labels Action Utils","getPullRequestChangesReport function"],"duration":0,"failureMessages":[],"fullName":"Labels Action Utils getPullRequestChangesReport function should return pull request changes report","location":null,"status":"passed","title":"should return pull request changes report"},{"ancestorTitles":["Labels Action Utils","getPullRequestChangesReport function"],"duration":1,"failureMessages":[],"fullName":"Labels Action Utils getPullRequestChangesReport function should return empty pull request changes report when no files","location":null,"status":"passed","title":"should return empty pull request changes report when no files"},{"ancestorTitles":["Labels Action Utils","filterFileNamesByPatterns function"],"duration":0,"failureMessages":[],"fullName":"Labels Action Utils filterFileNamesByPatterns function should return file names list filtered by one pattern","location":null,"status":"passed","title":"should return file names list filtered by one pattern"},{"ancestorTitles":["Labels Action Utils","filterFileNamesByPatterns function"],"duration":2,"failureMessages":[],"fullName":"Labels Action Utils filterFileNamesByPatterns function should return file names list filtered by directory pattern","location":null,"status":"passed","title":"should return file names list filtered by directory pattern"},{"ancestorTitles":["Labels Action Utils","filterFileNamesByPatterns function"],"duration":0,"failureMessages":[],"fullName":"Labels Action Utils filterFileNamesByPatterns function should return empty list when all file names match to patterns","location":null,"status":"passed","title":"should return empty list when all file names match to patterns"},{"ancestorTitles":["Labels Action Utils","filterFileNamesByPatterns function"],"duration":0,"failureMessages":[],"fullName":"Labels Action Utils filterFileNamesByPatterns function should return same list when there is no pattern","location":null,"status":"passed","title":"should return same list when there is no pattern"}],"endTime":1661089194638,"message":"","name":"/Users/janszewczyk/Projects/gh-action-szum-tech/src/labels/__tests__/utils.test.ts","startTime":1661089190983,"status":"passed","summary":""},{"assertionResults":[{"ancestorTitles":["Actions > Jest Test Results > Utils","readTestsResultsFromJSONFile()"],"duration":2,"failureMessages":[],"fullName":"Actions > Jest Test Results > Utils readTestsResultsFromJSONFile() should return null when file not exists","location":null,"status":"passed","title":"should return null when file not exists"},{"ancestorTitles":["Actions > Jest Test Results > Utils","readTestsResultsFromJSONFile()"],"duration":38,"failureMessages":[],"fullName":"Actions > Jest Test Results > Utils readTestsResultsFromJSONFile() should return null when file is empty","location":null,"status":"passed","title":"should return null when file is empty"},{"ancestorTitles":["Actions > Jest Test Results > Utils","readTestsResultsFromJSONFile()"],"duration":1,"failureMessages":[],"fullName":"Actions > Jest Test Results > Utils readTestsResultsFromJSONFile() should return json content when file contain content","location":null,"status":"passed","title":"should return json content when file contain content"},{"ancestorTitles":["Actions > Jest Test Results > Utils"],"duration":62,"failureMessages":[],"fullName":"Actions > Jest Test Results > Utils formatDate(), should return formatted date","location":null,"status":"passed","title":"formatDate(), should return formatted date"}],"endTime":1661089194741,"message":"","name":"/Users/janszewczyk/Projects/gh-action-szum-tech/src/jest-test-results/__tests__/utils.test.ts","startTime":1661089190999,"status":"passed","summary":""},{"assertionResults":[{"ancestorTitles":["Greetings Action"],"duration":1,"failureMessages":[],"fullName":"Greetings Action should show to lines of text","location":null,"status":"passed","title":"should show to lines of text"}],"endTime":1661089194832,"message":"","name":"/Users/janszewczyk/Projects/gh-action-szum-tech/src/__tests__/index.test.ts","startTime":1661089194014,"status":"passed","summary":""},{"assertionResults":[{"ancestorTitles":["Jest Test Results Action","createPullRequestComment()"],"duration":2,"failureMessages":[],"fullName":"Jest Test Results Action createPullRequestComment() should skip when 'eventName' is not 'pull_request'","location":null,"status":"passed","title":"should skip when 'eventName' is not 'pull_request'"},{"ancestorTitles":["Jest Test Results Action","createPullRequestComment()"],"duration":2,"failureMessages":[],"fullName":"Jest Test Results Action createPullRequestComment() should create new Pull Request comment when 'eventName' is 'pull_request' and there is no message before","location":null,"status":"passed","title":"should create new Pull Request comment when 'eventName' is 'pull_request' and there is no message before"},{"ancestorTitles":["Jest Test Results Action","createPullRequestComment()"],"duration":1,"failureMessages":[],"fullName":"Jest Test Results Action createPullRequestComment() should update Pull Request comment when 'eventName' is 'pull_request' and there is no message before","location":null,"status":"passed","title":"should update Pull Request comment when 'eventName' is 'pull_request' and there is no message before"},{"ancestorTitles":["Jest Test Results Action","createStatusCheck()"],"duration":1,"failureMessages":[],"fullName":"Jest Test Results Action createStatusCheck() should create check when 'eventName' is 'pull_request'","location":null,"status":"passed","title":"should create check when 'eventName' is 'pull_request'"},{"ancestorTitles":["Jest Test Results Action","createStatusCheck()"],"duration":1,"failureMessages":[],"fullName":"Jest Test Results Action createStatusCheck() should create check when 'eventName' is not 'pull_request'","location":null,"status":"passed","title":"should create check when 'eventName' is not 'pull_request'"}],"endTime":1661089194865,"message":"","name":"/Users/janszewczyk/Projects/gh-action-szum-tech/src/jest-test-results/__tests__/main.test.ts","startTime":1661089190980,"status":"passed","summary":""},{"assertionResults":[{"ancestorTitles":["Labels Action Validation","validateLabel function"],"duration":1,"failureMessages":[],"fullName":"Labels Action Validation validateLabel function should return true when label configuration is undefined","location":null,"status":"passed","title":"should return true when label configuration is undefined"},{"ancestorTitles":["Labels Action Validation","validateLabel function"],"duration":0,"failureMessages":[],"fullName":"Labels Action Validation validateLabel function should return true when label configuration is empty","location":null,"status":"passed","title":"should return true when label configuration is empty"},{"ancestorTitles":["Labels Action Validation","validateLabel function","configuration fields:","'any'"],"duration":2,"failureMessages":[],"fullName":"Labels Action Validation validateLabel function configuration fields: 'any' should return true when pattern matches to any file name","location":null,"status":"passed","title":"should return true when pattern matches to any file name"},{"ancestorTitles":["Labels Action Validation","validateLabel function","configuration fields:","'any'"],"duration":0,"failureMessages":[],"fullName":"Labels Action Validation validateLabel function configuration fields: 'any' should return true when not all patterns match to file names","location":null,"status":"passed","title":"should return true when not all patterns match to file names"},{"ancestorTitles":["Labels Action Validation","validateLabel function","configuration fields:","'any'"],"duration":1,"failureMessages":[],"fullName":"Labels Action Validation validateLabel function configuration fields: 'any' should return false when no pattern match to file names","location":null,"status":"passed","title":"should return false when no pattern match to file names"},{"ancestorTitles":["Labels Action Validation","validateLabel function","configuration fields:","'any'"],"duration":0,"failureMessages":[],"fullName":"Labels Action Validation validateLabel function configuration fields: 'any' should return false when pattern match to ignored file names","location":null,"status":"passed","title":"should return false when pattern match to ignored file names"},{"ancestorTitles":["Labels Action Validation","validateLabel function","configuration fields:","'any'"],"duration":0,"failureMessages":[],"fullName":"Labels Action Validation validateLabel function configuration fields: 'any' should return true when pattern matches part of ignored filenames","location":null,"status":"passed","title":"should return true when pattern matches part of ignored filenames"},{"ancestorTitles":["Labels Action Validation","validateLabel function","configuration fields:","'every'"],"duration":1,"failureMessages":[],"fullName":"Labels Action Validation validateLabel function configuration fields: 'every' should return true when patterns match to all file names","location":null,"status":"passed","title":"should return true when patterns match to all file names"},{"ancestorTitles":["Labels Action Validation","validateLabel function","configuration fields:","'every'"],"duration":0,"failureMessages":[],"fullName":"Labels Action Validation validateLabel function configuration fields: 'every' should return false when not all patterns match to file names","location":null,"status":"passed","title":"should return false when not all patterns match to file names"},{"ancestorTitles":["Labels Action Validation","validateLabel function","configuration fields:","'every'"],"duration":0,"failureMessages":[],"fullName":"Labels Action Validation validateLabel function configuration fields: 'every' should return false when no pattern match to file names","location":null,"status":"passed","title":"should return false when no pattern match to file names"},{"ancestorTitles":["Labels Action Validation","validateLabel function","configuration fields:","'every'"],"duration":0,"failureMessages":[],"fullName":"Labels Action Validation validateLabel function configuration fields: 'every' should return false when pattern match to ignored file names","location":null,"status":"passed","title":"should return false when pattern match to ignored file names"},{"ancestorTitles":["Labels Action Validation","validateLabel function","configuration fields:","'every'"],"duration":1,"failureMessages":[],"fullName":"Labels Action Validation validateLabel function configuration fields: 'every' should return true when pattern matches part of ignored filenames","location":null,"status":"passed","title":"should return true when pattern matches part of ignored filenames"},{"ancestorTitles":["Labels Action Validation","validateLabel function","configuration fields:","'changes'"],"duration":0,"failureMessages":[],"fullName":"Labels Action Validation validateLabel function configuration fields: 'changes' 'equal', should return true when changes are equal as in configuration","location":null,"status":"passed","title":"'equal', should return true when changes are equal as in configuration"},{"ancestorTitles":["Labels Action Validation","validateLabel function","configuration fields:","'changes'"],"duration":0,"failureMessages":[],"fullName":"Labels Action Validation validateLabel function configuration fields: 'changes' 'less', should return true when changes are less","location":null,"status":"passed","title":"'less', should return true when changes are less"},{"ancestorTitles":["Labels Action Validation","validateLabel function","configuration fields:","'changes'"],"duration":0,"failureMessages":[],"fullName":"Labels Action Validation validateLabel function configuration fields: 'changes' 'lessOrEqual', should return true when changes are less or equal","location":null,"status":"passed","title":"'lessOrEqual', should return true when changes are less or equal"},{"ancestorTitles":["Labels Action Validation","validateLabel function","configuration fields:","'changes'"],"duration":0,"failureMessages":[],"fullName":"Labels Action Validation validateLabel function configuration fields: 'changes' 'greater', should return true when changes are greater","location":null,"status":"passed","title":"'greater', should return true when changes are greater"},{"ancestorTitles":["Labels Action Validation","validateLabel function","configuration fields:","'changes'"],"duration":0,"failureMessages":[],"fullName":"Labels Action Validation validateLabel function configuration fields: 'changes' 'greaterOrEqual', should return true when changes are greater or equal","location":null,"status":"passed","title":"'greaterOrEqual', should return true when changes are greater or equal"},{"ancestorTitles":["Labels Action Validation","validateLabel function","configuration fields:","'additions'"],"duration":0,"failureMessages":[],"fullName":"Labels Action Validation validateLabel function configuration fields: 'additions' 'equal', should return true when additions are equal as in configuration","location":null,"status":"passed","title":"'equal', should return true when additions are equal as in configuration"},{"ancestorTitles":["Labels Action Validation","validateLabel function","configuration fields:","'additions'"],"duration":0,"failureMessages":[],"fullName":"Labels Action Validation validateLabel function configuration fields: 'additions' 'less', should return true when additions are less","location":null,"status":"passed","title":"'less', should return true when additions are less"},{"ancestorTitles":["Labels Action Validation","validateLabel function","configuration fields:","'additions'"],"duration":0,"failureMessages":[],"fullName":"Labels Action Validation validateLabel function configuration fields: 'additions' 'lessOrEqual', should return true when additions are less or equal","location":null,"status":"passed","title":"'lessOrEqual', should return true when additions are less or equal"},{"ancestorTitles":["Labels Action Validation","validateLabel function","configuration fields:","'additions'"],"duration":0,"failureMessages":[],"fullName":"Labels Action Validation validateLabel function configuration fields: 'additions' 'greater', should return true when additions are greater","location":null,"status":"passed","title":"'greater', should return true when additions are greater"},{"ancestorTitles":["Labels Action Validation","validateLabel function","configuration fields:","'additions'"],"duration":0,"failureMessages":[],"fullName":"Labels Action Validation validateLabel function configuration fields: 'additions' 'greaterOrEqual', should return true when additions are greater or equal","location":null,"status":"passed","title":"'greaterOrEqual', should return true when additions are greater or equal"},{"ancestorTitles":["Labels Action Validation","validateLabel function","configuration fields:","'deletions'"],"duration":0,"failureMessages":[],"fullName":"Labels Action Validation validateLabel function configuration fields: 'deletions' 'equal', should return true when deletions are equal as in configuration","location":null,"status":"passed","title":"'equal', should return true when deletions are equal as in configuration"},{"ancestorTitles":["Labels Action Validation","validateLabel function","configuration fields:","'deletions'"],"duration":0,"failureMessages":[],"fullName":"Labels Action Validation validateLabel function configuration fields: 'deletions' 'less', should return true when deletions are less","location":null,"status":"passed","title":"'less', should return true when deletions are less"},{"ancestorTitles":["Labels Action Validation","validateLabel function","configuration fields:","'deletions'"],"duration":0,"failureMessages":[],"fullName":"Labels Action Validation validateLabel function configuration fields: 'deletions' 'lessOrEqual', should return true when deletions are less or equal","location":null,"status":"passed","title":"'lessOrEqual', should return true when deletions are less or equal"},{"ancestorTitles":["Labels Action Validation","validateLabel function","configuration fields:","'deletions'"],"duration":0,"failureMessages":[],"fullName":"Labels Action Validation validateLabel function configuration fields: 'deletions' 'greater', should return true when deletions are greater","location":null,"status":"passed","title":"'greater', should return true when deletions are greater"},{"ancestorTitles":["Labels Action Validation","validateLabel function","configuration fields:","'deletions'"],"duration":0,"failureMessages":[],"fullName":"Labels Action Validation validateLabel function configuration fields: 'deletions' 'greaterOrEqual', should return true when deletions are greater or equal","location":null,"status":"passed","title":"'greaterOrEqual', should return true when deletions are greater or equal"},{"ancestorTitles":["Labels Action Validation","checkSize function","check equal validation"],"duration":0,"failureMessages":[],"fullName":"Labels Action Validation checkSize function check equal validation should return true, when validation is correct","location":null,"status":"passed","title":"should return true, when validation is correct"},{"ancestorTitles":["Labels Action Validation","checkSize function","check equal validation"],"duration":0,"failureMessages":[],"fullName":"Labels Action Validation checkSize function check equal validation should return false, when validation is invalid","location":null,"status":"passed","title":"should return false, when validation is invalid"},{"ancestorTitles":["Labels Action Validation","checkSize function","check greater validation"],"duration":0,"failureMessages":[],"fullName":"Labels Action Validation checkSize function check greater validation should return true, when validation is correct","location":null,"status":"passed","title":"should return true, when validation is correct"},{"ancestorTitles":["Labels Action Validation","checkSize function","check greater validation"],"duration":0,"failureMessages":[],"fullName":"Labels Action Validation checkSize function check greater validation should return false, when validation is invalid","location":null,"status":"passed","title":"should return false, when validation is invalid"},{"ancestorTitles":["Labels Action Validation","checkSize function","check greaterOrEqual validation"],"duration":1,"failureMessages":[],"fullName":"Labels Action Validation checkSize function check greaterOrEqual validation should return true, when validation is correct","location":null,"status":"passed","title":"should return true, when validation is correct"},{"ancestorTitles":["Labels Action Validation","checkSize function","check greaterOrEqual validation"],"duration":0,"failureMessages":[],"fullName":"Labels Action Validation checkSize function check greaterOrEqual validation should return true when validating a boundary value","location":null,"status":"passed","title":"should return true when validating a boundary value"},{"ancestorTitles":["Labels Action Validation","checkSize function","check greaterOrEqual validation"],"duration":0,"failureMessages":[],"fullName":"Labels Action Validation checkSize function check greaterOrEqual validation should return false, when validation is invalid","location":null,"status":"passed","title":"should return false, when validation is invalid"},{"ancestorTitles":["Labels Action Validation","checkSize function","check less validation"],"duration":0,"failureMessages":[],"fullName":"Labels Action Validation checkSize function check less validation should return true, when validation is correct","location":null,"status":"passed","title":"should return true, when validation is correct"},{"ancestorTitles":["Labels Action Validation","checkSize function","check less validation"],"duration":0,"failureMessages":[],"fullName":"Labels Action Validation checkSize function check less validation should return false, when validation is invalid","location":null,"status":"passed","title":"should return false, when validation is invalid"},{"ancestorTitles":["Labels Action Validation","checkSize function","check lessOrEqual validation"],"duration":0,"failureMessages":[],"fullName":"Labels Action Validation checkSize function check lessOrEqual validation should return true, when validation is correct","location":null,"status":"passed","title":"should return true, when validation is correct"},{"ancestorTitles":["Labels Action Validation","checkSize function","check lessOrEqual validation"],"duration":0,"failureMessages":[],"fullName":"Labels Action Validation checkSize function check lessOrEqual validation should return true when validating a boundary value","location":null,"status":"passed","title":"should return true when validating a boundary value"},{"ancestorTitles":["Labels Action Validation","checkSize function","check lessOrEqual validation"],"duration":0,"failureMessages":[],"fullName":"Labels Action Validation checkSize function check lessOrEqual validation should return false, when validation is invalid","location":null,"status":"passed","title":"should return false, when validation is invalid"},{"ancestorTitles":["Labels Action Validation","checkAnyGlob function","files validation"],"duration":0,"failureMessages":[],"fullName":"Labels Action Validation checkAnyGlob function files validation should return true when pattern matches to any filename","location":null,"status":"passed","title":"should return true when pattern matches to any filename"},{"ancestorTitles":["Labels Action Validation","checkAnyGlob function","files validation"],"duration":1,"failureMessages":[],"fullName":"Labels Action Validation checkAnyGlob function files validation should return false when pattern matches to no filename","location":null,"status":"passed","title":"should return false when pattern matches to no filename"},{"ancestorTitles":["Labels Action Validation","checkAnyGlob function","files validation"],"duration":0,"failureMessages":[],"fullName":"Labels Action Validation checkAnyGlob function files validation should return true when pattern matches to any filename inside directory","location":null,"status":"passed","title":"should return true when pattern matches to any filename inside directory"},{"ancestorTitles":["Labels Action Validation","checkAnyGlob function","files validation"],"duration":0,"failureMessages":[],"fullName":"Labels Action Validation checkAnyGlob function files validation should return true when pattern is same like some file name","location":null,"status":"passed","title":"should return true when pattern is same like some file name"},{"ancestorTitles":["Labels Action Validation","checkAnyGlob function","files validation"],"duration":0,"failureMessages":[],"fullName":"Labels Action Validation checkAnyGlob function files validation should return false when there is no filenames","location":null,"status":"passed","title":"should return false when there is no filenames"},{"ancestorTitles":["Labels Action Validation","checkAnyGlob function","files validation"],"duration":0,"failureMessages":[],"fullName":"Labels Action Validation checkAnyGlob function files validation should return false when there is no pattern","location":null,"status":"passed","title":"should return false when there is no pattern"},{"ancestorTitles":["Labels Action Validation","checkAnyGlob function","directory validation"],"duration":0,"failureMessages":[],"fullName":"Labels Action Validation checkAnyGlob function directory validation should return true when pattern matches to any dir","location":null,"status":"passed","title":"should return true when pattern matches to any dir"},{"ancestorTitles":["Labels Action Validation","checkAnyGlob function","directory validation"],"duration":0,"failureMessages":[],"fullName":"Labels Action Validation checkAnyGlob function directory validation should return false when pattern matches to no filename","location":null,"status":"passed","title":"should return false when pattern matches to no filename"},{"ancestorTitles":["Labels Action Validation","checkAnyGlob function","directory validation"],"duration":0,"failureMessages":[],"fullName":"Labels Action Validation checkAnyGlob function directory validation should return true when pattern matches to any directory inside other","location":null,"status":"passed","title":"should return true when pattern matches to any directory inside other"},{"ancestorTitles":["Labels Action Validation","checkAnyGlob function","directory validation"],"duration":0,"failureMessages":[],"fullName":"Labels Action Validation checkAnyGlob function directory validation should return false when there is no filenames","location":null,"status":"passed","title":"should return false when there is no filenames"},{"ancestorTitles":["Labels Action Validation","checkAnyGlob function","directory validation"],"duration":0,"failureMessages":[],"fullName":"Labels Action Validation checkAnyGlob function directory validation should return false when there is no pattern","location":null,"status":"passed","title":"should return false when there is no pattern"},{"ancestorTitles":["Labels Action Validation","checkEveryGlob function","files validation"],"duration":0,"failureMessages":[],"fullName":"Labels Action Validation checkEveryGlob function files validation should return true when pattern matches to all filenames","location":null,"status":"passed","title":"should return true when pattern matches to all filenames"},{"ancestorTitles":["Labels Action Validation","checkEveryGlob function","files validation"],"duration":0,"failureMessages":[],"fullName":"Labels Action Validation checkEveryGlob function files validation should return false when pattern matches to not all filenames","location":null,"status":"passed","title":"should return false when pattern matches to not all filenames"},{"ancestorTitles":["Labels Action Validation","checkEveryGlob function","files validation"],"duration":0,"failureMessages":[],"fullName":"Labels Action Validation checkEveryGlob function files validation should return true when pattern matches to all filename inside directory","location":null,"status":"passed","title":"should return true when pattern matches to all filename inside directory"},{"ancestorTitles":["Labels Action Validation","checkEveryGlob function","files validation"],"duration":0,"failureMessages":[],"fullName":"Labels Action Validation checkEveryGlob function files validation should return false when there is no filenames","location":null,"status":"passed","title":"should return false when there is no filenames"},{"ancestorTitles":["Labels Action Validation","checkEveryGlob function","files validation"],"duration":0,"failureMessages":[],"fullName":"Labels Action Validation checkEveryGlob function files validation should return false when there is no pattern","location":null,"status":"passed","title":"should return false when there is no pattern"},{"ancestorTitles":["Labels Action Validation","checkEveryGlob function","directory validation"],"duration":0,"failureMessages":[],"fullName":"Labels Action Validation checkEveryGlob function directory validation should return true when pattern matches to filenames","location":null,"status":"passed","title":"should return true when pattern matches to filenames"},{"ancestorTitles":["Labels Action Validation","checkEveryGlob function","directory validation"],"duration":0,"failureMessages":[],"fullName":"Labels Action Validation checkEveryGlob function directory validation should return false when pattern not matches to all filenames","location":null,"status":"passed","title":"should return false when pattern not matches to all filenames"},{"ancestorTitles":["Labels Action Validation","checkEveryGlob function","directory validation"],"duration":0,"failureMessages":[],"fullName":"Labels Action Validation checkEveryGlob function directory validation should return true when pattern matches to any directory inside other","location":null,"status":"passed","title":"should return true when pattern matches to any directory inside other"},{"ancestorTitles":["Labels Action Validation","checkEveryGlob function","directory validation"],"duration":0,"failureMessages":[],"fullName":"Labels Action Validation checkEveryGlob function directory validation should return false when there is no filenames","location":null,"status":"passed","title":"should return false when there is no filenames"},{"ancestorTitles":["Labels Action Validation","checkEveryGlob function","directory validation"],"duration":0,"failureMessages":[],"fullName":"Labels Action Validation checkEveryGlob function directory validation should return false when there is no pattern","location":null,"status":"passed","title":"should return false when there is no pattern"}],"endTime":1661089194884,"message":"","name":"/Users/janszewczyk/Projects/gh-action-szum-tech/src/labels/__tests__/validation.test.ts","startTime":1661089190980,"status":"passed","summary":""},{"assertionResults":[{"ancestorTitles":["Jest Test Results Action E2E","happy path"],"duration":20,"failureMessages":["Error: \u001b[2mexpect(\u001b[22m\u001b[31mjest.fn()\u001b[39m\u001b[2m).\u001b[22mtoHaveBeenCalledWith\u001b[2m(\u001b[22m\u001b[32m...expected\u001b[39m\u001b[2m)\u001b[22m\n\nExpected: \u001b[32m\"Reading test qwd asd asd \"\u001b[39m\nReceived\n       1: \u001b[31m\"PARAMETERS,----------,GITHUB_TOKEN  : ***,RESULTS_FILE  : src/tests/mocks/jest-test-results/jest-results.json,PR_COMMENT    : true,STATUS_CHECK  : true,----------\"\u001b[39m\n       2: \u001b[31m\"Reading test results from file...\"\u001b[39m\n\nNumber of calls: \u001b[31m2\u001b[39m\n    at /Users/janszewczyk/Projects/gh-action-szum-tech/src/jest-test-results/__tests__/main.e2e.test.ts:74:25\n    at Generator.next (<anonymous>)\n    at fulfilled (/Users/janszewczyk/Projects/gh-action-szum-tech/src/jest-test-results/__tests__/main.e2e.test.ts:28:58)\n    at processTicksAndRejections (node:internal/process/task_queues:96:5)"],"fullName":"Jest Test Results Action E2E happy path should create PR comment and status check when 'eventName' is 'pull_request'","location":null,"status":"failed","title":"should create PR comment and status check when 'eventName' is 'pull_request'"},{"ancestorTitles":["Jest Test Results Action E2E"],"duration":1,"failureMessages":["Error: \u001b[2mexpect(\u001b[22m\u001b[31mjest.fn()\u001b[39m\u001b[2m).\u001b[22mtoHaveBeenCalledWith\u001b[2m(\u001b[22m\u001b[32m...expected\u001b[39m\u001b[2m)\u001b[22m\n\nExpected: \u001b[32m\" Request comment...\"\u001b[39m\nReceived\n       1: \u001b[31m\"PARAMETERS,----------,GITHUB_TOKEN  : ***,RESULTS_FILE  : asdasdas,PR_COMMENT    : true,STATUS_CHECK  : true,----------\"\u001b[39m\n       2: \u001b[31m\"Reading test results from file...\"\u001b[39m\n\nNumber of calls: \u001b[31m2\u001b[39m\n    at /Users/janszewczyk/Projects/gh-action-szum-tech/src/jest-test-results/__tests__/main.e2e.test.ts:89:23\n    at Generator.next (<anonymous>)\n    at fulfilled (/Users/janszewczyk/Projects/gh-action-szum-tech/src/jest-test-results/__tests__/main.e2e.test.ts:28:58)\n    at processTicksAndRejections (node:internal/process/task_queues:96:5)"],"fullName":"Jest Test Results Action E2E should ","location":null,"status":"failed","title":"should "},{"ancestorTitles":["Jest Test Results Action E2E","happy path"],"duration":null,"failureMessages":[],"fullName":"Jest Test Results Action E2E happy path file not exists","location":null,"status":"todo","title":"file not exists"},{"ancestorTitles":["Jest Test Results Action E2E","happy path"],"duration":null,"failureMessages":[],"fullName":"Jest Test Results Action E2E happy path file is empty","location":null,"status":"todo","title":"file is empty"}],"endTime":1661089194941,"message":"\u001b[1m\u001b[31m  \u001b[1m● \u001b[22m\u001b[1mJest Test Results Action E2E › happy path › should create PR comment and status check when 'eventName' is 'pull_request'\u001b[39m\u001b[22m\n\n    \u001b[2mexpect(\u001b[22m\u001b[31mjest.fn()\u001b[39m\u001b[2m).\u001b[22mtoHaveBeenCalledWith\u001b[2m(\u001b[22m\u001b[32m...expected\u001b[39m\u001b[2m)\u001b[22m\n\n    Expected: \u001b[32m\"Reading test qwd asd asd \"\u001b[39m\n    Received\n           1: \u001b[31m\"PARAMETERS,----------,GITHUB_TOKEN  : ***,RESULTS_FILE  : src/tests/mocks/jest-test-results/jest-results.json,PR_COMMENT    : true,STATUS_CHECK  : true,----------\"\u001b[39m\n           2: \u001b[31m\"Reading test results from file...\"\u001b[39m\n\n    Number of calls: \u001b[31m2\u001b[39m\n\u001b[2m\u001b[22m\n\u001b[2m    \u001b[0m \u001b[90m 72 |\u001b[39m       )\u001b[33m;\u001b[39m\u001b[0m\u001b[22m\n\u001b[2m    \u001b[0m \u001b[90m 73 |\u001b[39m       expect(core\u001b[33m.\u001b[39minfo)\u001b[33m.\u001b[39mtoHaveBeenCalledWith(\u001b[32m\"Reading test results from file...\"\u001b[39m)\u001b[33m;\u001b[39m\u001b[0m\u001b[22m\n\u001b[2m    \u001b[0m\u001b[31m\u001b[1m>\u001b[22m\u001b[2m\u001b[39m\u001b[90m 74 |\u001b[39m       expect(core\u001b[33m.\u001b[39minfo)\u001b[33m.\u001b[39mtoHaveBeenCalledWith(\u001b[32m\"Reading test qwd asd asd \"\u001b[39m)\u001b[33m;\u001b[39m\u001b[0m\u001b[22m\n\u001b[2m    \u001b[0m \u001b[90m    |\u001b[39m                         \u001b[31m\u001b[1m^\u001b[22m\u001b[2m\u001b[39m\u001b[0m\u001b[22m\n\u001b[2m    \u001b[0m \u001b[90m 75 |\u001b[39m     })\u001b[33m;\u001b[39m\u001b[0m\u001b[22m\n\u001b[2m    \u001b[0m \u001b[90m 76 |\u001b[39m   })\u001b[33m;\u001b[39m\u001b[0m\u001b[22m\n\u001b[2m    \u001b[0m \u001b[90m 77 |\u001b[39m\u001b[0m\u001b[22m\n\u001b[2m\u001b[22m\n\u001b[2m      \u001b[2mat \u001b[22m\u001b[2m\u001b[0m\u001b[36msrc/jest-test-results/__tests__/main.e2e.test.ts\u001b[39m\u001b[0m\u001b[2m:74:25\u001b[22m\u001b[2m\u001b[22m\n\u001b[2m      \u001b[2mat fulfilled (\u001b[22m\u001b[2m\u001b[0m\u001b[36msrc/jest-test-results/__tests__/main.e2e.test.ts\u001b[39m\u001b[0m\u001b[2m:28:58)\u001b[22m\u001b[2m\u001b[22m\n\n\u001b[1m\u001b[31m  \u001b[1m● \u001b[22m\u001b[1mJest Test Results Action E2E › should \u001b[39m\u001b[22m\n\n    \u001b[2mexpect(\u001b[22m\u001b[31mjest.fn()\u001b[39m\u001b[2m).\u001b[22mtoHaveBeenCalledWith\u001b[2m(\u001b[22m\u001b[32m...expected\u001b[39m\u001b[2m)\u001b[22m\n\n    Expected: \u001b[32m\" Request comment...\"\u001b[39m\n    Received\n           1: \u001b[31m\"PARAMETERS,----------,GITHUB_TOKEN  : ***,RESULTS_FILE  : asdasdas,PR_COMMENT    : true,STATUS_CHECK  : true,----------\"\u001b[39m\n           2: \u001b[31m\"Reading test results from file...\"\u001b[39m\n\n    Number of calls: \u001b[31m2\u001b[39m\n\u001b[2m\u001b[22m\n\u001b[2m    \u001b[0m \u001b[90m 87 |\u001b[39m     \u001b[36mawait\u001b[39m main()\u001b[33m;\u001b[39m\u001b[0m\u001b[22m\n\u001b[2m    \u001b[0m \u001b[90m 88 |\u001b[39m\u001b[0m\u001b[22m\n\u001b[2m    \u001b[0m\u001b[31m\u001b[1m>\u001b[22m\u001b[2m\u001b[39m\u001b[90m 89 |\u001b[39m     expect(core\u001b[33m.\u001b[39minfo)\u001b[33m.\u001b[39mtoHaveBeenCalledWith(\u001b[32m\" Request comment...\"\u001b[39m)\u001b[33m;\u001b[39m\u001b[0m\u001b[22m\n\u001b[2m    \u001b[0m \u001b[90m    |\u001b[39m                       \u001b[31m\u001b[1m^\u001b[22m\u001b[2m\u001b[39m\u001b[0m\u001b[22m\n\u001b[2m    \u001b[0m \u001b[90m 90 |\u001b[39m     expect(core\u001b[33m.\u001b[39merror)\u001b[33m.\u001b[39mtoHaveBeenCalledWith(\u001b[32m\"Creating or updating Pull Request comment...\"\u001b[39m)\u001b[33m;\u001b[39m\u001b[0m\u001b[22m\n\u001b[2m    \u001b[0m \u001b[90m 91 |\u001b[39m   })\u001b[33m;\u001b[39m\u001b[0m\u001b[22m\n\u001b[2m    \u001b[0m \u001b[90m 92 |\u001b[39m\u001b[0m\u001b[22m\n\u001b[2m\u001b[22m\n\u001b[2m      \u001b[2mat \u001b[22m\u001b[2m\u001b[0m\u001b[36msrc/jest-test-results/__tests__/main.e2e.test.ts\u001b[39m\u001b[0m\u001b[2m:89:23\u001b[22m\u001b[2m\u001b[22m\n\u001b[2m      \u001b[2mat fulfilled (\u001b[22m\u001b[2m\u001b[0m\u001b[36msrc/jest-test-results/__tests__/main.e2e.test.ts\u001b[39m\u001b[0m\u001b[2m:28:58)\u001b[22m\u001b[2m\u001b[22m\n","name":"/Users/janszewczyk/Projects/gh-action-szum-tech/src/jest-test-results/__tests__/main.e2e.test.ts","startTime":1661089190980,"status":"failed","summary":""},{"assertionResults":[{"ancestorTitles":["Labels Action"],"duration":17,"failureMessages":[],"fullName":"Labels Action xxx","location":null,"status":"passed","title":"xxx"}],"endTime":1661089195188,"message":"","name":"/Users/janszewczyk/Projects/gh-action-szum-tech/src/labels/__tests__/index.test.ts","startTime":1661089193848,"status":"passed","summary":""}],"wasInterrupted":false}