{"numFailedTestSuites":1,"numFailedTests":0,"numPassedTestSuites":12,"numPassedTests":153,"numPendingTestSuites":0,"numPendingTests":0,"numRuntimeErrorTestSuites":1,"numTodoTests":0,"numTotalTestSuites":13,"numTotalTests":153,"openHandles":[],"snapshot":{"added":0,"didUpdate":false,"failure":false,"filesAdded":0,"filesRemoved":0,"filesRemovedList":[],"filesUnmatched":0,"filesUpdated":0,"matched":0,"total":0,"unchecked":0,"uncheckedKeysByFile":[],"unmatched":0,"updated":0},"startTime":1664740803131,"success":false,"testResults":[{"assertionResults":[{"ancestorTitles":["Labels Action Validation","validateLabel function"],"duration":3,"failureMessages":[],"fullName":"Labels Action Validation validateLabel function should return true when label configuration is undefined","location":null,"status":"passed","title":"should return true when label configuration is undefined"},{"ancestorTitles":["Labels Action Validation","validateLabel function"],"duration":0,"failureMessages":[],"fullName":"Labels Action Validation validateLabel function should return true when label configuration is empty","location":null,"status":"passed","title":"should return true when label configuration is empty"},{"ancestorTitles":["Labels Action Validation","validateLabel function","configuration fields:","'any'"],"duration":4,"failureMessages":[],"fullName":"Labels Action Validation validateLabel function configuration fields: 'any' should return true when pattern matches to any file name","location":null,"status":"passed","title":"should return true when pattern matches to any file name"},{"ancestorTitles":["Labels Action Validation","validateLabel function","configuration fields:","'any'"],"duration":1,"failureMessages":[],"fullName":"Labels Action Validation validateLabel function configuration fields: 'any' should return true when not all patterns match to file names","location":null,"status":"passed","title":"should return true when not all patterns match to file names"},{"ancestorTitles":["Labels Action Validation","validateLabel function","configuration fields:","'any'"],"duration":2,"failureMessages":[],"fullName":"Labels Action Validation validateLabel function configuration fields: 'any' should return false when no pattern match to file names","location":null,"status":"passed","title":"should return false when no pattern match to file names"},{"ancestorTitles":["Labels Action Validation","validateLabel function","configuration fields:","'any'"],"duration":1,"failureMessages":[],"fullName":"Labels Action Validation validateLabel function configuration fields: 'any' should return false when pattern match to ignored file names","location":null,"status":"passed","title":"should return false when pattern match to ignored file names"},{"ancestorTitles":["Labels Action Validation","validateLabel function","configuration fields:","'any'"],"duration":1,"failureMessages":[],"fullName":"Labels Action Validation validateLabel function configuration fields: 'any' should return true when pattern matches part of ignored filenames","location":null,"status":"passed","title":"should return true when pattern matches part of ignored filenames"},{"ancestorTitles":["Labels Action Validation","validateLabel function","configuration fields:","'every'"],"duration":1,"failureMessages":[],"fullName":"Labels Action Validation validateLabel function configuration fields: 'every' should return true when patterns match to all file names","location":null,"status":"passed","title":"should return true when patterns match to all file names"},{"ancestorTitles":["Labels Action Validation","validateLabel function","configuration fields:","'every'"],"duration":1,"failureMessages":[],"fullName":"Labels Action Validation validateLabel function configuration fields: 'every' should return false when not all patterns match to file names","location":null,"status":"passed","title":"should return false when not all patterns match to file names"},{"ancestorTitles":["Labels Action Validation","validateLabel function","configuration fields:","'every'"],"duration":1,"failureMessages":[],"fullName":"Labels Action Validation validateLabel function configuration fields: 'every' should return false when no pattern match to file names","location":null,"status":"passed","title":"should return false when no pattern match to file names"},{"ancestorTitles":["Labels Action Validation","validateLabel function","configuration fields:","'every'"],"duration":0,"failureMessages":[],"fullName":"Labels Action Validation validateLabel function configuration fields: 'every' should return false when pattern match to ignored file names","location":null,"status":"passed","title":"should return false when pattern match to ignored file names"},{"ancestorTitles":["Labels Action Validation","validateLabel function","configuration fields:","'every'"],"duration":1,"failureMessages":[],"fullName":"Labels Action Validation validateLabel function configuration fields: 'every' should return true when pattern matches part of ignored filenames","location":null,"status":"passed","title":"should return true when pattern matches part of ignored filenames"},{"ancestorTitles":["Labels Action Validation","validateLabel function","configuration fields:","'changes'"],"duration":1,"failureMessages":[],"fullName":"Labels Action Validation validateLabel function configuration fields: 'changes' 'equal', should return true when changes are equal as in configuration","location":null,"status":"passed","title":"'equal', should return true when changes are equal as in configuration"},{"ancestorTitles":["Labels Action Validation","validateLabel function","configuration fields:","'changes'"],"duration":1,"failureMessages":[],"fullName":"Labels Action Validation validateLabel function configuration fields: 'changes' 'less', should return true when changes are less","location":null,"status":"passed","title":"'less', should return true when changes are less"},{"ancestorTitles":["Labels Action Validation","validateLabel function","configuration fields:","'changes'"],"duration":0,"failureMessages":[],"fullName":"Labels Action Validation validateLabel function configuration fields: 'changes' 'lessOrEqual', should return true when changes are less or equal","location":null,"status":"passed","title":"'lessOrEqual', should return true when changes are less or equal"},{"ancestorTitles":["Labels Action Validation","validateLabel function","configuration fields:","'changes'"],"duration":0,"failureMessages":[],"fullName":"Labels Action Validation validateLabel function configuration fields: 'changes' 'greater', should return true when changes are greater","location":null,"status":"passed","title":"'greater', should return true when changes are greater"},{"ancestorTitles":["Labels Action Validation","validateLabel function","configuration fields:","'changes'"],"duration":1,"failureMessages":[],"fullName":"Labels Action Validation validateLabel function configuration fields: 'changes' 'greaterOrEqual', should return true when changes are greater or equal","location":null,"status":"passed","title":"'greaterOrEqual', should return true when changes are greater or equal"},{"ancestorTitles":["Labels Action Validation","validateLabel function","configuration fields:","'additions'"],"duration":0,"failureMessages":[],"fullName":"Labels Action Validation validateLabel function configuration fields: 'additions' 'equal', should return true when additions are equal as in configuration","location":null,"status":"passed","title":"'equal', should return true when additions are equal as in configuration"},{"ancestorTitles":["Labels Action Validation","validateLabel function","configuration fields:","'additions'"],"duration":1,"failureMessages":[],"fullName":"Labels Action Validation validateLabel function configuration fields: 'additions' 'less', should return true when additions are less","location":null,"status":"passed","title":"'less', should return true when additions are less"},{"ancestorTitles":["Labels Action Validation","validateLabel function","configuration fields:","'additions'"],"duration":0,"failureMessages":[],"fullName":"Labels Action Validation validateLabel function configuration fields: 'additions' 'lessOrEqual', should return true when additions are less or equal","location":null,"status":"passed","title":"'lessOrEqual', should return true when additions are less or equal"},{"ancestorTitles":["Labels Action Validation","validateLabel function","configuration fields:","'additions'"],"duration":0,"failureMessages":[],"fullName":"Labels Action Validation validateLabel function configuration fields: 'additions' 'greater', should return true when additions are greater","location":null,"status":"passed","title":"'greater', should return true when additions are greater"},{"ancestorTitles":["Labels Action Validation","validateLabel function","configuration fields:","'additions'"],"duration":1,"failureMessages":[],"fullName":"Labels Action Validation validateLabel function configuration fields: 'additions' 'greaterOrEqual', should return true when additions are greater or equal","location":null,"status":"passed","title":"'greaterOrEqual', should return true when additions are greater or equal"},{"ancestorTitles":["Labels Action Validation","validateLabel function","configuration fields:","'deletions'"],"duration":0,"failureMessages":[],"fullName":"Labels Action Validation validateLabel function configuration fields: 'deletions' 'equal', should return true when deletions are equal as in configuration","location":null,"status":"passed","title":"'equal', should return true when deletions are equal as in configuration"},{"ancestorTitles":["Labels Action Validation","validateLabel function","configuration fields:","'deletions'"],"duration":1,"failureMessages":[],"fullName":"Labels Action Validation validateLabel function configuration fields: 'deletions' 'less', should return true when deletions are less","location":null,"status":"passed","title":"'less', should return true when deletions are less"},{"ancestorTitles":["Labels Action Validation","validateLabel function","configuration fields:","'deletions'"],"duration":0,"failureMessages":[],"fullName":"Labels Action Validation validateLabel function configuration fields: 'deletions' 'lessOrEqual', should return true when deletions are less or equal","location":null,"status":"passed","title":"'lessOrEqual', should return true when deletions are less or equal"},{"ancestorTitles":["Labels Action Validation","validateLabel function","configuration fields:","'deletions'"],"duration":1,"failureMessages":[],"fullName":"Labels Action Validation validateLabel function configuration fields: 'deletions' 'greater', should return true when deletions are greater","location":null,"status":"passed","title":"'greater', should return true when deletions are greater"},{"ancestorTitles":["Labels Action Validation","validateLabel function","configuration fields:","'deletions'"],"duration":0,"failureMessages":[],"fullName":"Labels Action Validation validateLabel function configuration fields: 'deletions' 'greaterOrEqual', should return true when deletions are greater or equal","location":null,"status":"passed","title":"'greaterOrEqual', should return true when deletions are greater or equal"},{"ancestorTitles":["Labels Action Validation","checkSize function","check equal validation"],"duration":1,"failureMessages":[],"fullName":"Labels Action Validation checkSize function check equal validation should return true, when validation is correct","location":null,"status":"passed","title":"should return true, when validation is correct"},{"ancestorTitles":["Labels Action Validation","checkSize function","check equal validation"],"duration":1,"failureMessages":[],"fullName":"Labels Action Validation checkSize function check equal validation should return false, when validation is invalid","location":null,"status":"passed","title":"should return false, when validation is invalid"},{"ancestorTitles":["Labels Action Validation","checkSize function","check greater validation"],"duration":0,"failureMessages":[],"fullName":"Labels Action Validation checkSize function check greater validation should return true, when validation is correct","location":null,"status":"passed","title":"should return true, when validation is correct"},{"ancestorTitles":["Labels Action Validation","checkSize function","check greater validation"],"duration":0,"failureMessages":[],"fullName":"Labels Action Validation checkSize function check greater validation should return false, when validation is invalid","location":null,"status":"passed","title":"should return false, when validation is invalid"},{"ancestorTitles":["Labels Action Validation","checkSize function","check greaterOrEqual validation"],"duration":0,"failureMessages":[],"fullName":"Labels Action Validation checkSize function check greaterOrEqual validation should return true, when validation is correct","location":null,"status":"passed","title":"should return true, when validation is correct"},{"ancestorTitles":["Labels Action Validation","checkSize function","check greaterOrEqual validation"],"duration":0,"failureMessages":[],"fullName":"Labels Action Validation checkSize function check greaterOrEqual validation should return true when validating a boundary value","location":null,"status":"passed","title":"should return true when validating a boundary value"},{"ancestorTitles":["Labels Action Validation","checkSize function","check greaterOrEqual validation"],"duration":8,"failureMessages":[],"fullName":"Labels Action Validation checkSize function check greaterOrEqual validation should return false, when validation is invalid","location":null,"status":"passed","title":"should return false, when validation is invalid"},{"ancestorTitles":["Labels Action Validation","checkSize function","check less validation"],"duration":0,"failureMessages":[],"fullName":"Labels Action Validation checkSize function check less validation should return true, when validation is correct","location":null,"status":"passed","title":"should return true, when validation is correct"},{"ancestorTitles":["Labels Action Validation","checkSize function","check less validation"],"duration":0,"failureMessages":[],"fullName":"Labels Action Validation checkSize function check less validation should return false, when validation is invalid","location":null,"status":"passed","title":"should return false, when validation is invalid"},{"ancestorTitles":["Labels Action Validation","checkSize function","check lessOrEqual validation"],"duration":0,"failureMessages":[],"fullName":"Labels Action Validation checkSize function check lessOrEqual validation should return true, when validation is correct","location":null,"status":"passed","title":"should return true, when validation is correct"},{"ancestorTitles":["Labels Action Validation","checkSize function","check lessOrEqual validation"],"duration":0,"failureMessages":[],"fullName":"Labels Action Validation checkSize function check lessOrEqual validation should return true when validating a boundary value","location":null,"status":"passed","title":"should return true when validating a boundary value"},{"ancestorTitles":["Labels Action Validation","checkSize function","check lessOrEqual validation"],"duration":0,"failureMessages":[],"fullName":"Labels Action Validation checkSize function check lessOrEqual validation should return false, when validation is invalid","location":null,"status":"passed","title":"should return false, when validation is invalid"},{"ancestorTitles":["Labels Action Validation","checkAnyGlob function","files validation"],"duration":0,"failureMessages":[],"fullName":"Labels Action Validation checkAnyGlob function files validation should return true when pattern matches to any filename","location":null,"status":"passed","title":"should return true when pattern matches to any filename"},{"ancestorTitles":["Labels Action Validation","checkAnyGlob function","files validation"],"duration":1,"failureMessages":[],"fullName":"Labels Action Validation checkAnyGlob function files validation should return false when pattern matches to no filename","location":null,"status":"passed","title":"should return false when pattern matches to no filename"},{"ancestorTitles":["Labels Action Validation","checkAnyGlob function","files validation"],"duration":1,"failureMessages":[],"fullName":"Labels Action Validation checkAnyGlob function files validation should return true when pattern matches to any filename inside directory","location":null,"status":"passed","title":"should return true when pattern matches to any filename inside directory"},{"ancestorTitles":["Labels Action Validation","checkAnyGlob function","files validation"],"duration":0,"failureMessages":[],"fullName":"Labels Action Validation checkAnyGlob function files validation should return true when pattern is same like some file name","location":null,"status":"passed","title":"should return true when pattern is same like some file name"},{"ancestorTitles":["Labels Action Validation","checkAnyGlob function","files validation"],"duration":1,"failureMessages":[],"fullName":"Labels Action Validation checkAnyGlob function files validation should return false when there is no filenames","location":null,"status":"passed","title":"should return false when there is no filenames"},{"ancestorTitles":["Labels Action Validation","checkAnyGlob function","files validation"],"duration":0,"failureMessages":[],"fullName":"Labels Action Validation checkAnyGlob function files validation should return false when there is no pattern","location":null,"status":"passed","title":"should return false when there is no pattern"},{"ancestorTitles":["Labels Action Validation","checkAnyGlob function","directory validation"],"duration":1,"failureMessages":[],"fullName":"Labels Action Validation checkAnyGlob function directory validation should return true when pattern matches to any dir","location":null,"status":"passed","title":"should return true when pattern matches to any dir"},{"ancestorTitles":["Labels Action Validation","checkAnyGlob function","directory validation"],"duration":0,"failureMessages":[],"fullName":"Labels Action Validation checkAnyGlob function directory validation should return false when pattern matches to no filename","location":null,"status":"passed","title":"should return false when pattern matches to no filename"},{"ancestorTitles":["Labels Action Validation","checkAnyGlob function","directory validation"],"duration":1,"failureMessages":[],"fullName":"Labels Action Validation checkAnyGlob function directory validation should return true when pattern matches to any directory inside other","location":null,"status":"passed","title":"should return true when pattern matches to any directory inside other"},{"ancestorTitles":["Labels Action Validation","checkAnyGlob function","directory validation"],"duration":0,"failureMessages":[],"fullName":"Labels Action Validation checkAnyGlob function directory validation should return false when there is no filenames","location":null,"status":"passed","title":"should return false when there is no filenames"},{"ancestorTitles":["Labels Action Validation","checkAnyGlob function","directory validation"],"duration":0,"failureMessages":[],"fullName":"Labels Action Validation checkAnyGlob function directory validation should return false when there is no pattern","location":null,"status":"passed","title":"should return false when there is no pattern"},{"ancestorTitles":["Labels Action Validation","checkEveryGlob function","files validation"],"duration":1,"failureMessages":[],"fullName":"Labels Action Validation checkEveryGlob function files validation should return true when pattern matches to all filenames","location":null,"status":"passed","title":"should return true when pattern matches to all filenames"},{"ancestorTitles":["Labels Action Validation","checkEveryGlob function","files validation"],"duration":0,"failureMessages":[],"fullName":"Labels Action Validation checkEveryGlob function files validation should return false when pattern matches to not all filenames","location":null,"status":"passed","title":"should return false when pattern matches to not all filenames"},{"ancestorTitles":["Labels Action Validation","checkEveryGlob function","files validation"],"duration":0,"failureMessages":[],"fullName":"Labels Action Validation checkEveryGlob function files validation should return true when pattern matches to all filename inside directory","location":null,"status":"passed","title":"should return true when pattern matches to all filename inside directory"},{"ancestorTitles":["Labels Action Validation","checkEveryGlob function","files validation"],"duration":1,"failureMessages":[],"fullName":"Labels Action Validation checkEveryGlob function files validation should return false when there is no filenames","location":null,"status":"passed","title":"should return false when there is no filenames"},{"ancestorTitles":["Labels Action Validation","checkEveryGlob function","files validation"],"duration":0,"failureMessages":[],"fullName":"Labels Action Validation checkEveryGlob function files validation should return false when there is no pattern","location":null,"status":"passed","title":"should return false when there is no pattern"},{"ancestorTitles":["Labels Action Validation","checkEveryGlob function","directory validation"],"duration":1,"failureMessages":[],"fullName":"Labels Action Validation checkEveryGlob function directory validation should return true when pattern matches to filenames","location":null,"status":"passed","title":"should return true when pattern matches to filenames"},{"ancestorTitles":["Labels Action Validation","checkEveryGlob function","directory validation"],"duration":0,"failureMessages":[],"fullName":"Labels Action Validation checkEveryGlob function directory validation should return false when pattern not matches to all filenames","location":null,"status":"passed","title":"should return false when pattern not matches to all filenames"},{"ancestorTitles":["Labels Action Validation","checkEveryGlob function","directory validation"],"duration":0,"failureMessages":[],"fullName":"Labels Action Validation checkEveryGlob function directory validation should return true when pattern matches to any directory inside other","location":null,"status":"passed","title":"should return true when pattern matches to any directory inside other"},{"ancestorTitles":["Labels Action Validation","checkEveryGlob function","directory validation"],"duration":0,"failureMessages":[],"fullName":"Labels Action Validation checkEveryGlob function directory validation should return false when there is no filenames","location":null,"status":"passed","title":"should return false when there is no filenames"},{"ancestorTitles":["Labels Action Validation","checkEveryGlob function","directory validation"],"duration":0,"failureMessages":[],"fullName":"Labels Action Validation checkEveryGlob function directory validation should return false when there is no pattern","location":null,"status":"passed","title":"should return false when there is no pattern"}],"endTime":1664740812412,"message":"","name":"D:\\a\\gh-action-szum-tech\\gh-action-szum-tech\\src\\labels\\__tests__\\validation.test.ts","startTime":1664740803284,"status":"passed","summary":""},{"assertionResults":[{"ancestorTitles":["Jest Test Results Action E2E","happy path","default config"],"duration":44,"failureMessages":[],"fullName":"Jest Test Results Action E2E happy path default config should create PR comment and status check when 'eventName' is 'pull_request'","location":null,"status":"passed","title":"should create PR comment and status check when 'eventName' is 'pull_request'"},{"ancestorTitles":["Jest Test Results Action E2E","happy path","default config"],"duration":7,"failureMessages":[],"fullName":"Jest Test Results Action E2E happy path default config should should skip PR comment and create status check when 'eventName' is not 'pull_request'","location":null,"status":"passed","title":"should should skip PR comment and create status check when 'eventName' is not 'pull_request'"},{"ancestorTitles":["Jest Test Results Action E2E","happy path"],"duration":7,"failureMessages":[],"fullName":"Jest Test Results Action E2E happy path should create only PR comment","location":null,"status":"passed","title":"should create only PR comment"},{"ancestorTitles":["Jest Test Results Action E2E","happy path"],"duration":5,"failureMessages":[],"fullName":"Jest Test Results Action E2E happy path should create only status check","location":null,"status":"passed","title":"should create only status check"},{"ancestorTitles":["Jest Test Results Action E2E","happy path"],"duration":3,"failureMessages":[],"fullName":"Jest Test Results Action E2E happy path should not create PR comment or status check","location":null,"status":"passed","title":"should not create PR comment or status check"},{"ancestorTitles":["Jest Test Results Action E2E","sad path"],"duration":1,"failureMessages":[],"fullName":"Jest Test Results Action E2E sad path should failed when test results file doesn't exists","location":null,"status":"passed","title":"should failed when test results file doesn't exists"},{"ancestorTitles":["Jest Test Results Action E2E","sad path"],"duration":2,"failureMessages":[],"fullName":"Jest Test Results Action E2E sad path should failed when test results file is empty","location":null,"status":"passed","title":"should failed when test results file is empty"}],"endTime":1664740814804,"message":"","name":"D:\\a\\gh-action-szum-tech\\gh-action-szum-tech\\src\\jest-test-results\\__tests__\\main.e2e.test.ts","startTime":1664740812438,"status":"passed","summary":""},{"assertionResults":[{"ancestorTitles":["Actions > Labels > Utils","checkIfConfigFileIsSupported()"],"duration":5,"failureMessages":[],"fullName":"Actions > Labels > Utils checkIfConfigFileIsSupported() should return 'false', when path is empty","location":null,"status":"passed","title":"should return 'false', when path is empty"},{"ancestorTitles":["Actions > Labels > Utils","checkIfConfigFileIsSupported()"],"duration":3,"failureMessages":[],"fullName":"Actions > Labels > Utils checkIfConfigFileIsSupported() should return 'false', when file extension is not supported","location":null,"status":"passed","title":"should return 'false', when file extension is not supported"},{"ancestorTitles":["Actions > Labels > Utils","checkIfConfigFileIsSupported()"],"duration":1,"failureMessages":[],"fullName":"Actions > Labels > Utils checkIfConfigFileIsSupported() should return 'true', when file extension is 'yml'","location":null,"status":"passed","title":"should return 'true', when file extension is 'yml'"},{"ancestorTitles":["Actions > Labels > Utils","checkIfConfigFileIsSupported()"],"duration":1,"failureMessages":[],"fullName":"Actions > Labels > Utils checkIfConfigFileIsSupported() should return 'true', when file extension is 'yaml'","location":null,"status":"passed","title":"should return 'true', when file extension is 'yaml'"},{"ancestorTitles":["Actions > Labels > Utils","readConfigurationFile()"],"duration":1,"failureMessages":[],"fullName":"Actions > Labels > Utils readConfigurationFile() should return null when file not exists","location":null,"status":"passed","title":"should return null when file not exists"},{"ancestorTitles":["Actions > Labels > Utils","readConfigurationFile()"],"duration":1,"failureMessages":[],"fullName":"Actions > Labels > Utils readConfigurationFile() should return null when file is empty","location":null,"status":"passed","title":"should return null when file is empty"},{"ancestorTitles":["Actions > Labels > Utils","readConfigurationFile()"],"duration":7,"failureMessages":[],"fullName":"Actions > Labels > Utils readConfigurationFile() should return raw configuration when file contain content","location":null,"status":"passed","title":"should return raw configuration when file contain content"},{"ancestorTitles":["Actions > Labels > Utils","isFileConfigurationCorrect()"],"duration":2,"failureMessages":[],"fullName":"Actions > Labels > Utils isFileConfigurationCorrect() should return configuration, when it is correct","location":null,"status":"passed","title":"should return configuration, when it is correct"},{"ancestorTitles":["Actions > Labels > Utils","isFileConfigurationCorrect()"],"duration":0,"failureMessages":[],"fullName":"Actions > Labels > Utils isFileConfigurationCorrect() should return 'false', when  configuration is not correct","location":null,"status":"passed","title":"should return 'false', when  configuration is not correct"},{"ancestorTitles":["Actions > Labels > Utils","mergeConfigurations()"],"duration":1,"failureMessages":[],"fullName":"Actions > Labels > Utils mergeConfigurations() should return empty array, when 'baseConfig' and 'newConfig' are empty","location":null,"status":"passed","title":"should return empty array, when 'baseConfig' and 'newConfig' are empty"},{"ancestorTitles":["Actions > Labels > Utils","mergeConfigurations()"],"duration":1,"failureMessages":[],"fullName":"Actions > Labels > Utils mergeConfigurations() should return 'newConfig', when 'baseConfig' is empty","location":null,"status":"passed","title":"should return 'newConfig', when 'baseConfig' is empty"},{"ancestorTitles":["Actions > Labels > Utils","mergeConfigurations()"],"duration":1,"failureMessages":[],"fullName":"Actions > Labels > Utils mergeConfigurations() should return 'baseConfig', when 'newConfig' is empty","location":null,"status":"passed","title":"should return 'baseConfig', when 'newConfig' is empty"},{"ancestorTitles":["Actions > Labels > Utils","mergeConfigurations()"],"duration":1,"failureMessages":[],"fullName":"Actions > Labels > Utils mergeConfigurations() should return config array, when merging 'baseConfig' with 'newConfig'","location":null,"status":"passed","title":"should return config array, when merging 'baseConfig' with 'newConfig'"},{"ancestorTitles":["Actions > Labels > Utils","mergeConfigurations()"],"duration":2,"failureMessages":[],"fullName":"Actions > Labels > Utils mergeConfigurations() should return array with overwritten configurations, when merging 'baseConfig' with 'newConfig'","location":null,"status":"passed","title":"should return array with overwritten configurations, when merging 'baseConfig' with 'newConfig'"},{"ancestorTitles":["Actions > Labels > Utils","getLabelsDifferences()"],"duration":1,"failureMessages":[],"fullName":"Actions > Labels > Utils getLabelsDifferences() should return differences","location":null,"status":"passed","title":"should return differences"},{"ancestorTitles":["Actions > Labels > Utils","getLabelsDifferences()"],"duration":1,"failureMessages":[],"fullName":"Actions > Labels > Utils getLabelsDifferences() should return differences without unsupported label","location":null,"status":"passed","title":"should return differences without unsupported label"},{"ancestorTitles":["Actions > Labels > Utils","getLabelsDifferences()"],"duration":0,"failureMessages":[],"fullName":"Actions > Labels > Utils getLabelsDifferences() should return no difference","location":null,"status":"passed","title":"should return no difference"},{"ancestorTitles":["Actions > Labels > Utils","getPullRequestChangesReport()"],"duration":0,"failureMessages":[],"fullName":"Actions > Labels > Utils getPullRequestChangesReport() should return pull request changes report","location":null,"status":"passed","title":"should return pull request changes report"},{"ancestorTitles":["Actions > Labels > Utils","getPullRequestChangesReport()"],"duration":1,"failureMessages":[],"fullName":"Actions > Labels > Utils getPullRequestChangesReport() should return empty pull request changes report when no files","location":null,"status":"passed","title":"should return empty pull request changes report when no files"},{"ancestorTitles":["Actions > Labels > Utils","filterFileNamesByPatterns()"],"duration":2,"failureMessages":[],"fullName":"Actions > Labels > Utils filterFileNamesByPatterns() should return file names list filtered by one pattern","location":null,"status":"passed","title":"should return file names list filtered by one pattern"},{"ancestorTitles":["Actions > Labels > Utils","filterFileNamesByPatterns()"],"duration":2,"failureMessages":[],"fullName":"Actions > Labels > Utils filterFileNamesByPatterns() should return file names list filtered by directory pattern","location":null,"status":"passed","title":"should return file names list filtered by directory pattern"},{"ancestorTitles":["Actions > Labels > Utils","filterFileNamesByPatterns()"],"duration":1,"failureMessages":[],"fullName":"Actions > Labels > Utils filterFileNamesByPatterns() should return empty list when all file names match to patterns","location":null,"status":"passed","title":"should return empty list when all file names match to patterns"},{"ancestorTitles":["Actions > Labels > Utils","filterFileNamesByPatterns()"],"duration":0,"failureMessages":[],"fullName":"Actions > Labels > Utils filterFileNamesByPatterns() should return same list when there is no pattern","location":null,"status":"passed","title":"should return same list when there is no pattern"}],"endTime":1664740817084,"message":"","name":"D:\\a\\gh-action-szum-tech\\gh-action-szum-tech\\src\\labels\\__tests__\\utils.test.ts","startTime":1664740814826,"status":"passed","summary":""},{"assertionResults":[{"ancestorTitles":["Jest Test Results Action","createPullRequestComment()"],"duration":5,"failureMessages":[],"fullName":"Jest Test Results Action createPullRequestComment() should skip when 'eventName' is not 'pull_request'","location":null,"status":"passed","title":"should skip when 'eventName' is not 'pull_request'"},{"ancestorTitles":["Jest Test Results Action","createPullRequestComment()"],"duration":4,"failureMessages":[],"fullName":"Jest Test Results Action createPullRequestComment() should create new Pull Request comment when 'eventName' is 'pull_request' and there is no message before","location":null,"status":"passed","title":"should create new Pull Request comment when 'eventName' is 'pull_request' and there is no message before"},{"ancestorTitles":["Jest Test Results Action","createPullRequestComment()"],"duration":3,"failureMessages":[],"fullName":"Jest Test Results Action createPullRequestComment() should update Pull Request comment when 'eventName' is 'pull_request' and there is no message before","location":null,"status":"passed","title":"should update Pull Request comment when 'eventName' is 'pull_request' and there is no message before"},{"ancestorTitles":["Jest Test Results Action","createStatusCheck()"],"duration":3,"failureMessages":[],"fullName":"Jest Test Results Action createStatusCheck() should create check when 'eventName' is 'pull_request'","location":null,"status":"passed","title":"should create check when 'eventName' is 'pull_request'"},{"ancestorTitles":["Jest Test Results Action","createStatusCheck()"],"duration":3,"failureMessages":[],"fullName":"Jest Test Results Action createStatusCheck() should create check when 'eventName' is not 'pull_request'","location":null,"status":"passed","title":"should create check when 'eventName' is not 'pull_request'"}],"endTime":1664740819286,"message":"","name":"D:\\a\\gh-action-szum-tech\\gh-action-szum-tech\\src\\jest-test-results\\__tests__\\main.test.ts","startTime":1664740817096,"status":"passed","summary":""},{"assertionResults":[{"ancestorTitles":["Actions > Jest Test Results > Utils","readTestsResultsFromJSONFile()"],"duration":5,"failureMessages":[],"fullName":"Actions > Jest Test Results > Utils readTestsResultsFromJSONFile() should return null when file not exists","location":null,"status":"passed","title":"should return null when file not exists"},{"ancestorTitles":["Actions > Jest Test Results > Utils","readTestsResultsFromJSONFile()"],"duration":1,"failureMessages":[],"fullName":"Actions > Jest Test Results > Utils readTestsResultsFromJSONFile() should return null when file is empty","location":null,"status":"passed","title":"should return null when file is empty"},{"ancestorTitles":["Actions > Jest Test Results > Utils","readTestsResultsFromJSONFile()"],"duration":1,"failureMessages":[],"fullName":"Actions > Jest Test Results > Utils readTestsResultsFromJSONFile() should return json content when file contain content","location":null,"status":"passed","title":"should return json content when file contain content"},{"ancestorTitles":["Actions > Jest Test Results > Utils"],"duration":1,"failureMessages":[],"fullName":"Actions > Jest Test Results > Utils formatDate(), should return formatted date","location":null,"status":"passed","title":"formatDate(), should return formatted date"}],"endTime":1664740821615,"message":"","name":"D:\\a\\gh-action-szum-tech\\gh-action-szum-tech\\src\\jest-test-results\\__tests__\\utils.test.ts","startTime":1664740819299,"status":"passed","summary":""},{"assertionResults":[{"ancestorTitles":["Github Message Builder > Builders > Details"],"duration":4,"failureMessages":[],"fullName":"Github Message Builder > Builders > Details buildDetails(), should return a built details","location":null,"status":"passed","title":"buildDetails(), should return a built details"},{"ancestorTitles":["Github Message Builder > Builders > Details"],"duration":1,"failureMessages":[],"fullName":"Github Message Builder > Builders > Details buildSummary(), should return a built summary","location":null,"status":"passed","title":"buildSummary(), should return a built summary"},{"ancestorTitles":["Github Message Builder > Builders > Details","detailsBuilder()"],"duration":1,"failureMessages":[],"fullName":"Github Message Builder > Builders > Details detailsBuilder() should be initialize with empty array","location":null,"status":"passed","title":"should be initialize with empty array"},{"ancestorTitles":["Github Message Builder > Builders > Details","detailsBuilder()"],"duration":1,"failureMessages":[],"fullName":"Github Message Builder > Builders > Details detailsBuilder() should return `null` during building `details` when no content","location":null,"status":"passed","title":"should return `null` during building `details` when no content"},{"ancestorTitles":["Github Message Builder > Builders > Details","detailsBuilder()"],"duration":16,"failureMessages":[],"fullName":"Github Message Builder > Builders > Details detailsBuilder() should throw an error when try build `summary` two times","location":null,"status":"passed","title":"should throw an error when try build `summary` two times"},{"ancestorTitles":["Github Message Builder > Builders > Details","detailsBuilder()"],"duration":2,"failureMessages":[],"fullName":"Github Message Builder > Builders > Details detailsBuilder() should throw an error when try build `details` in wrong order","location":null,"status":"passed","title":"should throw an error when try build `details` in wrong order"},{"ancestorTitles":["Github Message Builder > Builders > Details","detailsBuilder()"],"duration":1,"failureMessages":[],"fullName":"Github Message Builder > Builders > Details detailsBuilder() should return build details correctly","location":null,"status":"passed","title":"should return build details correctly"},{"ancestorTitles":["Github Message Builder > Builders > Details","detailsBuilder()"],"duration":1,"failureMessages":[],"fullName":"Github Message Builder > Builders > Details detailsBuilder() should return build details with decorators correctly","location":null,"status":"passed","title":"should return build details with decorators correctly"},{"ancestorTitles":["Github Message Builder > Builders > Details","detailsBuilder()"],"duration":0,"failureMessages":[],"fullName":"Github Message Builder > Builders > Details detailsBuilder() should return build details with empty body","location":null,"status":"passed","title":"should return build details with empty body"}],"endTime":1664740821879,"message":"","name":"D:\\a\\gh-action-szum-tech\\gh-action-szum-tech\\src\\utils\\github-message-builder\\__tests__\\builders\\details.test.ts","startTime":1664740821628,"status":"passed","summary":""},{"assertionResults":[{"ancestorTitles":["Github Message Builder"],"duration":4,"failureMessages":[],"fullName":"Github Message Builder should be initialize with empty array","location":null,"status":"passed","title":"should be initialize with empty array"},{"ancestorTitles":["Github Message Builder"],"duration":1,"failureMessages":[],"fullName":"Github Message Builder should return `null` during building message when no content","location":null,"status":"passed","title":"should return `null` during building message when no content"},{"ancestorTitles":["Github Message Builder"],"duration":0,"failureMessages":[],"fullName":"Github Message Builder should return built text","location":null,"status":"passed","title":"should return built text"},{"ancestorTitles":["Github Message Builder"],"duration":1,"failureMessages":[],"fullName":"Github Message Builder should return built header 1","location":null,"status":"passed","title":"should return built header 1"},{"ancestorTitles":["Github Message Builder"],"duration":1,"failureMessages":[],"fullName":"Github Message Builder should return built header 2","location":null,"status":"passed","title":"should return built header 2"},{"ancestorTitles":["Github Message Builder"],"duration":1,"failureMessages":[],"fullName":"Github Message Builder should return built header 3","location":null,"status":"passed","title":"should return built header 3"},{"ancestorTitles":["Github Message Builder"],"duration":1,"failureMessages":[],"fullName":"Github Message Builder should return built header 4","location":null,"status":"passed","title":"should return built header 4"},{"ancestorTitles":["Github Message Builder"],"duration":1,"failureMessages":[],"fullName":"Github Message Builder should return built header 5","location":null,"status":"passed","title":"should return built header 5"},{"ancestorTitles":["Github Message Builder"],"duration":0,"failureMessages":[],"fullName":"Github Message Builder should return built quote","location":null,"status":"passed","title":"should return built quote"},{"ancestorTitles":["Github Message Builder"],"duration":0,"failureMessages":[],"fullName":"Github Message Builder should return built horizontal role","location":null,"status":"passed","title":"should return built horizontal role"},{"ancestorTitles":["Github Message Builder"],"duration":0,"failureMessages":[],"fullName":"Github Message Builder should return built watermark","location":null,"status":"passed","title":"should return built watermark"},{"ancestorTitles":["Github Message Builder"],"duration":0,"failureMessages":[],"fullName":"Github Message Builder should return built code block","location":null,"status":"passed","title":"should return built code block"},{"ancestorTitles":["Github Message Builder"],"duration":0,"failureMessages":[],"fullName":"Github Message Builder should return built table","location":null,"status":"passed","title":"should return built table"},{"ancestorTitles":["Github Message Builder"],"duration":0,"failureMessages":[],"fullName":"Github Message Builder should return built details","location":null,"status":"passed","title":"should return built details"}],"endTime":1664740822134,"message":"","name":"D:\\a\\gh-action-szum-tech\\gh-action-szum-tech\\src\\utils\\github-message-builder\\__tests__\\github-message-builder.test.ts","startTime":1664740821905,"status":"passed","summary":""},{"assertionResults":[{"ancestorTitles":["Github Message Builder > Builders > Table"],"duration":4,"failureMessages":[],"fullName":"Github Message Builder > Builders > Table buildTable(), return a built table","location":null,"status":"passed","title":"buildTable(), return a built table"},{"ancestorTitles":["Github Message Builder > Builders > Table"],"duration":1,"failureMessages":[],"fullName":"Github Message Builder > Builders > Table buildTr(), return a built table row","location":null,"status":"passed","title":"buildTr(), return a built table row"},{"ancestorTitles":["Github Message Builder > Builders > Table"],"duration":0,"failureMessages":[],"fullName":"Github Message Builder > Builders > Table buildTh(), return a built table header","location":null,"status":"passed","title":"buildTh(), return a built table header"},{"ancestorTitles":["Github Message Builder > Builders > Table"],"duration":0,"failureMessages":[],"fullName":"Github Message Builder > Builders > Table buildTd(), return a built table data","location":null,"status":"passed","title":"buildTd(), return a built table data"},{"ancestorTitles":["Github Message Builder > Builders > Table","tableRowBuilder()"],"duration":1,"failureMessages":[],"fullName":"Github Message Builder > Builders > Table tableRowBuilder() should be initialize with empty array","location":null,"status":"passed","title":"should be initialize with empty array"},{"ancestorTitles":["Github Message Builder > Builders > Table","tableRowBuilder()"],"duration":1,"failureMessages":[],"fullName":"Github Message Builder > Builders > Table tableRowBuilder() should return `null` during building `table row` when no content","location":null,"status":"passed","title":"should return `null` during building `table row` when no content"},{"ancestorTitles":["Github Message Builder > Builders > Table","tableRowBuilder()"],"duration":1,"failureMessages":[],"fullName":"Github Message Builder > Builders > Table tableRowBuilder() should return a built table row","location":null,"status":"passed","title":"should return a built table row"},{"ancestorTitles":["Github Message Builder > Builders > Table","tableRowBuilder()"],"duration":1,"failureMessages":[],"fullName":"Github Message Builder > Builders > Table tableRowBuilder() should return a built table row with 2 `th` columns","location":null,"status":"passed","title":"should return a built table row with 2 `th` columns"},{"ancestorTitles":["Github Message Builder > Builders > Table","tableRowBuilder()"],"duration":1,"failureMessages":[],"fullName":"Github Message Builder > Builders > Table tableRowBuilder() should return a built table row with 2 `td` columns","location":null,"status":"passed","title":"should return a built table row with 2 `td` columns"},{"ancestorTitles":["Github Message Builder > Builders > Table","tableRowBuilder()"],"duration":1,"failureMessages":[],"fullName":"Github Message Builder > Builders > Table tableRowBuilder() should return a built table row with `td` and `th` columns","location":null,"status":"passed","title":"should return a built table row with `td` and `th` columns"},{"ancestorTitles":["Github Message Builder > Builders > Table","tableBuilder()"],"duration":1,"failureMessages":[],"fullName":"Github Message Builder > Builders > Table tableBuilder() should be initialize with empty array","location":null,"status":"passed","title":"should be initialize with empty array"},{"ancestorTitles":["Github Message Builder > Builders > Table","tableBuilder()"],"duration":1,"failureMessages":[],"fullName":"Github Message Builder > Builders > Table tableBuilder() should return `null` during building `table` when no content","location":null,"status":"passed","title":"should return `null` during building `table` when no content"},{"ancestorTitles":["Github Message Builder > Builders > Table","tableBuilder()"],"duration":0,"failureMessages":[],"fullName":"Github Message Builder > Builders > Table tableBuilder() should return a built table with table header and row data","location":null,"status":"passed","title":"should return a built table with table header and row data"},{"ancestorTitles":["Github Message Builder > Builders > Table","tableBuilder()"],"duration":0,"failureMessages":[],"fullName":"Github Message Builder > Builders > Table tableBuilder() should return a built table without no data row","location":null,"status":"passed","title":"should return a built table without no data row"}],"endTime":1664740822400,"message":"","name":"D:\\a\\gh-action-szum-tech\\gh-action-szum-tech\\src\\utils\\github-message-builder\\__tests__\\builders\\table.test.ts","startTime":1664740822147,"status":"passed","summary":""},{"assertionResults":[{"ancestorTitles":["Greetings Action"],"duration":5,"failureMessages":[],"fullName":"Greetings Action should show to lines of text","location":null,"status":"passed","title":"should show to lines of text"}],"endTime":1664740822630,"message":"","name":"D:\\a\\gh-action-szum-tech\\gh-action-szum-tech\\src\\__tests__\\index.test.ts","startTime":1664740822427,"status":"passed","summary":""},{"assertionResults":[{"ancestorTitles":["Github Message Builder > Builders > Common"],"duration":3,"failureMessages":[],"fullName":"Github Message Builder > Builders > Common buildCodeBlock(), should return a built code style","location":null,"status":"passed","title":"buildCodeBlock(), should return a built code style"},{"ancestorTitles":["Github Message Builder > Builders > Common"],"duration":1,"failureMessages":[],"fullName":"Github Message Builder > Builders > Common buildWatermark(), should return a built watermark","location":null,"status":"passed","title":"buildWatermark(), should return a built watermark"},{"ancestorTitles":["Github Message Builder > Builders > Common"],"duration":0,"failureMessages":[],"fullName":"Github Message Builder > Builders > Common buildH1(), should return a built heading level 1","location":null,"status":"passed","title":"buildH1(), should return a built heading level 1"},{"ancestorTitles":["Github Message Builder > Builders > Common"],"duration":1,"failureMessages":[],"fullName":"Github Message Builder > Builders > Common buildH2(), should return a built heading level 2","location":null,"status":"passed","title":"buildH2(), should return a built heading level 2"},{"ancestorTitles":["Github Message Builder > Builders > Common"],"duration":1,"failureMessages":[],"fullName":"Github Message Builder > Builders > Common buildH3(), should return a built heading level 3","location":null,"status":"passed","title":"buildH3(), should return a built heading level 3"},{"ancestorTitles":["Github Message Builder > Builders > Common"],"duration":0,"failureMessages":[],"fullName":"Github Message Builder > Builders > Common buildH4(), should return a built heading level 4","location":null,"status":"passed","title":"buildH4(), should return a built heading level 4"},{"ancestorTitles":["Github Message Builder > Builders > Common"],"duration":0,"failureMessages":[],"fullName":"Github Message Builder > Builders > Common buildH5(), should return a built heading level 5","location":null,"status":"passed","title":"buildH5(), should return a built heading level 5"},{"ancestorTitles":["Github Message Builder > Builders > Common"],"duration":0,"failureMessages":[],"fullName":"Github Message Builder > Builders > Common buildHr(), should return a built hr","location":null,"status":"passed","title":"buildHr(), should return a built hr"},{"ancestorTitles":["Github Message Builder > Builders > Common"],"duration":0,"failureMessages":[],"fullName":"Github Message Builder > Builders > Common buildBr(), should return a built br","location":null,"status":"passed","title":"buildBr(), should return a built br"}],"endTime":1664740822863,"message":"","name":"D:\\a\\gh-action-szum-tech\\gh-action-szum-tech\\src\\utils\\github-message-builder\\__tests__\\builders\\common.test.ts","startTime":1664740822644,"status":"passed","summary":""},{"assertionResults":[{"ancestorTitles":["Utils","getParametersDescription()"],"duration":4,"failureMessages":[],"fullName":"Utils getParametersDescription() should return description with parameters","location":null,"status":"passed","title":"should return description with parameters"},{"ancestorTitles":["Utils","getParametersDescription()"],"duration":0,"failureMessages":[],"fullName":"Utils getParametersDescription() should return description without parameters","location":null,"status":"passed","title":"should return description without parameters"}],"endTime":1664740823098,"message":"","name":"D:\\a\\gh-action-szum-tech\\gh-action-szum-tech\\src\\utils\\__tests__\\utils.test.ts","startTime":1664740822877,"status":"passed","summary":""},{"assertionResults":[{"ancestorTitles":["Github Message Builder > Builders > Decorators"],"duration":4,"failureMessages":[],"fullName":"Github Message Builder > Builders > Decorators boldDecorator(), should return a built text with `bold` style","location":null,"status":"passed","title":"boldDecorator(), should return a built text with `bold` style"},{"ancestorTitles":["Github Message Builder > Builders > Decorators"],"duration":0,"failureMessages":[],"fullName":"Github Message Builder > Builders > Decorators codeDecorator(), should return a built text with `code` style","location":null,"status":"passed","title":"codeDecorator(), should return a built text with `code` style"},{"ancestorTitles":["Github Message Builder > Builders > Decorators"],"duration":1,"failureMessages":[],"fullName":"Github Message Builder > Builders > Decorators italicDecorator function, should return a built text with `italic` style","location":null,"status":"passed","title":"italicDecorator function, should return a built text with `italic` style"},{"ancestorTitles":["Github Message Builder > Builders > Decorators","textWithDecoratorBuilder()"],"duration":0,"failureMessages":[],"fullName":"Github Message Builder > Builders > Decorators textWithDecoratorBuilder() should return a built text without any decorators","location":null,"status":"passed","title":"should return a built text without any decorators"},{"ancestorTitles":["Github Message Builder > Builders > Decorators","textWithDecoratorBuilder()"],"duration":0,"failureMessages":[],"fullName":"Github Message Builder > Builders > Decorators textWithDecoratorBuilder() should return a built text with decorators","location":null,"status":"passed","title":"should return a built text with decorators"}],"endTime":1664740823334,"message":"","name":"D:\\a\\gh-action-szum-tech\\gh-action-szum-tech\\src\\utils\\github-message-builder\\__tests__\\builders\\decorators.test.ts","startTime":1664740823116,"status":"passed","summary":""},{"assertionResults":[],"coverage":{},"endTime":1664740823655,"message":"  ● Test suite failed to run\n\n    ReferenceError: Cannot access 'PATH_TO_EMPTY_FILE' before initialization\n\n      21 |   },\n      22 |   readFileSync: (path: string) => MOCK_FILE_INFO[path] ?? null,\n    > 23 |   existsSync: (fileName: string) => [PATH_TO_EMPTY_FILE, PATH_TO_CORRECT_FILE].includes(fileName)\n         |                                      ^\n      24 | }));\n      25 |\n      26 | jest.mock(\"@actions/core\");\n\n      at Object.existsSync (src/labels/__tests__/main.test.ts:23:38)\n      at new Context (node_modules/@actions/github/src/context.ts:31:11)\n      at Object.<anonymous> (node_modules/@actions/github/src/utils.ts:10:24)\n      at Object.<anonymous> (node_modules/@actions/github/src/github.ts:2:1)\n","name":"D:\\a\\gh-action-szum-tech\\gh-action-szum-tech\\src\\labels\\__tests__\\main.test.ts","startTime":1664740823655,"status":"failed","summary":""}],"wasInterrupted":false}